Detecting C [-std=c11] compiler features failed to compile with the following output:
Change Dir: /home/taehyung/catkin_ws/src/wheelchair/ros_auto_wheelchair/wheelchair_bringup/build/CMakeFiles/CMakeTmp

Run Build Command:"/usr/bin/make" "cmTC_3cb4b/fast"
/usr/bin/make -f CMakeFiles/cmTC_3cb4b.dir/build.make CMakeFiles/cmTC_3cb4b.dir/build
make[1]: 디렉터리 '/home/taehyung/catkin_ws/src/wheelchair/ros_auto_wheelchair/wheelchair_bringup/build/CMakeFiles/CMakeTmp' 들어감
Building C object CMakeFiles/cmTC_3cb4b.dir/feature_tests.c.o
/usr/bin/c89-gcc   -std=c11 -o CMakeFiles/cmTC_3cb4b.dir/feature_tests.c.o   -c /home/taehyung/catkin_ws/src/wheelchair/ros_auto_wheelchair/wheelchair_bringup/build/CMakeFiles/feature_tests.c
c89-gcc called with non ANSI/ISO C option -std=c11
CMakeFiles/cmTC_3cb4b.dir/build.make:65: recipe for target 'CMakeFiles/cmTC_3cb4b.dir/feature_tests.c.o' failed
make[1]: *** [CMakeFiles/cmTC_3cb4b.dir/feature_tests.c.o] Error 1
make[1]: 디렉터리 '/home/taehyung/catkin_ws/src/wheelchair/ros_auto_wheelchair/wheelchair_bringup/build/CMakeFiles/CMakeTmp' 나감
Makefile:126: recipe for target 'cmTC_3cb4b/fast' failed
make: *** [cmTC_3cb4b/fast] Error 2



Determining if the pthread_create exist failed with the following output:
Change Dir: /home/taehyung/catkin_ws/src/wheelchair/ros_auto_wheelchair/wheelchair_bringup/build/CMakeFiles/CMakeTmp

Run Build Command:"/usr/bin/make" "cmTC_7f793/fast"
/usr/bin/make -f CMakeFiles/cmTC_7f793.dir/build.make CMakeFiles/cmTC_7f793.dir/build
make[1]: 디렉터리 '/home/taehyung/catkin_ws/src/wheelchair/ros_auto_wheelchair/wheelchair_bringup/build/CMakeFiles/CMakeTmp' 들어감
Building C object CMakeFiles/cmTC_7f793.dir/CheckSymbolExists.c.o
/usr/bin/c89-gcc    -o CMakeFiles/cmTC_7f793.dir/CheckSymbolExists.c.o   -c /home/taehyung/catkin_ws/src/wheelchair/ros_auto_wheelchair/wheelchair_bringup/build/CMakeFiles/CMakeTmp/CheckSymbolExists.c
Linking C executable cmTC_7f793
/usr/bin/cmake -E cmake_link_script CMakeFiles/cmTC_7f793.dir/link.txt --verbose=1
/usr/bin/c89-gcc      -rdynamic CMakeFiles/cmTC_7f793.dir/CheckSymbolExists.c.o  -o cmTC_7f793 
CMakeFiles/cmTC_7f793.dir/CheckSymbolExists.c.o: In function `main':
CheckSymbolExists.c:(.text+0x1b): undefined reference to `pthread_create'
collect2: error: ld returned 1 exit status
CMakeFiles/cmTC_7f793.dir/build.make:97: recipe for target 'cmTC_7f793' failed
make[1]: *** [cmTC_7f793] Error 1
make[1]: 디렉터리 '/home/taehyung/catkin_ws/src/wheelchair/ros_auto_wheelchair/wheelchair_bringup/build/CMakeFiles/CMakeTmp' 나감
Makefile:126: recipe for target 'cmTC_7f793/fast' failed
make: *** [cmTC_7f793/fast] Error 2

File /home/taehyung/catkin_ws/src/wheelchair/ros_auto_wheelchair/wheelchair_bringup/build/CMakeFiles/CMakeTmp/CheckSymbolExists.c:
/* */
#include <pthread.h>

int main(int argc, char** argv)
{
  (void)argv;
#ifndef pthread_create
  return ((int*)(&pthread_create))[argc];
#else
  (void)argc;
  return 0;
#endif
}

Determining if the function pthread_create exists in the pthreads failed with the following output:
Change Dir: /home/taehyung/catkin_ws/src/wheelchair/ros_auto_wheelchair/wheelchair_bringup/build/CMakeFiles/CMakeTmp

Run Build Command:"/usr/bin/make" "cmTC_8fdfd/fast"
/usr/bin/make -f CMakeFiles/cmTC_8fdfd.dir/build.make CMakeFiles/cmTC_8fdfd.dir/build
make[1]: 디렉터리 '/home/taehyung/catkin_ws/src/wheelchair/ros_auto_wheelchair/wheelchair_bringup/build/CMakeFiles/CMakeTmp' 들어감
Building C object CMakeFiles/cmTC_8fdfd.dir/CheckFunctionExists.c.o
/usr/bin/c89-gcc   -DCHECK_FUNCTION_EXISTS=pthread_create   -o CMakeFiles/cmTC_8fdfd.dir/CheckFunctionExists.c.o   -c /usr/share/cmake-3.10/Modules/CheckFunctionExists.c
Linking C executable cmTC_8fdfd
/usr/bin/cmake -E cmake_link_script CMakeFiles/cmTC_8fdfd.dir/link.txt --verbose=1
/usr/bin/c89-gcc  -DCHECK_FUNCTION_EXISTS=pthread_create    -rdynamic CMakeFiles/cmTC_8fdfd.dir/CheckFunctionExists.c.o  -o cmTC_8fdfd -lpthreads 
/usr/bin/ld: cannot find -lpthreads
collect2: error: ld returned 1 exit status
CMakeFiles/cmTC_8fdfd.dir/build.make:97: recipe for target 'cmTC_8fdfd' failed
make[1]: *** [cmTC_8fdfd] Error 1
make[1]: 디렉터리 '/home/taehyung/catkin_ws/src/wheelchair/ros_auto_wheelchair/wheelchair_bringup/build/CMakeFiles/CMakeTmp' 나감
Makefile:126: recipe for target 'cmTC_8fdfd/fast' failed
make: *** [cmTC_8fdfd/fast] Error 2


