Detecting C [-std=c11] compiler features failed to compile with the following output:
Change Dir: /home/taehyung/catkin_ws/src/wheelchair/ros_auto_wheelchair/wheelchair_msg/build/CMakeFiles/CMakeTmp

Run Build Command:"/usr/bin/make" "cmTC_5a8e0/fast"
/usr/bin/make -f CMakeFiles/cmTC_5a8e0.dir/build.make CMakeFiles/cmTC_5a8e0.dir/build
make[1]: 디렉터리 '/home/taehyung/catkin_ws/src/wheelchair/ros_auto_wheelchair/wheelchair_msg/build/CMakeFiles/CMakeTmp' 들어감
Building C object CMakeFiles/cmTC_5a8e0.dir/feature_tests.c.o
/usr/bin/c89-gcc   -std=c11 -o CMakeFiles/cmTC_5a8e0.dir/feature_tests.c.o   -c /home/taehyung/catkin_ws/src/wheelchair/ros_auto_wheelchair/wheelchair_msg/build/CMakeFiles/feature_tests.c
c89-gcc called with non ANSI/ISO C option -std=c11
CMakeFiles/cmTC_5a8e0.dir/build.make:65: recipe for target 'CMakeFiles/cmTC_5a8e0.dir/feature_tests.c.o' failed
make[1]: *** [CMakeFiles/cmTC_5a8e0.dir/feature_tests.c.o] Error 1
make[1]: 디렉터리 '/home/taehyung/catkin_ws/src/wheelchair/ros_auto_wheelchair/wheelchair_msg/build/CMakeFiles/CMakeTmp' 나감
Makefile:126: recipe for target 'cmTC_5a8e0/fast' failed
make: *** [cmTC_5a8e0/fast] Error 2



Determining if the pthread_create exist failed with the following output:
Change Dir: /home/taehyung/catkin_ws/src/wheelchair/ros_auto_wheelchair/wheelchair_msg/build/CMakeFiles/CMakeTmp

Run Build Command:"/usr/bin/make" "cmTC_641d1/fast"
/usr/bin/make -f CMakeFiles/cmTC_641d1.dir/build.make CMakeFiles/cmTC_641d1.dir/build
make[1]: 디렉터리 '/home/taehyung/catkin_ws/src/wheelchair/ros_auto_wheelchair/wheelchair_msg/build/CMakeFiles/CMakeTmp' 들어감
Building C object CMakeFiles/cmTC_641d1.dir/CheckSymbolExists.c.o
/usr/bin/c89-gcc    -o CMakeFiles/cmTC_641d1.dir/CheckSymbolExists.c.o   -c /home/taehyung/catkin_ws/src/wheelchair/ros_auto_wheelchair/wheelchair_msg/build/CMakeFiles/CMakeTmp/CheckSymbolExists.c
Linking C executable cmTC_641d1
/usr/bin/cmake -E cmake_link_script CMakeFiles/cmTC_641d1.dir/link.txt --verbose=1
/usr/bin/c89-gcc      -rdynamic CMakeFiles/cmTC_641d1.dir/CheckSymbolExists.c.o  -o cmTC_641d1 
CMakeFiles/cmTC_641d1.dir/CheckSymbolExists.c.o: In function `main':
CheckSymbolExists.c:(.text+0x1b): undefined reference to `pthread_create'
collect2: error: ld returned 1 exit status
CMakeFiles/cmTC_641d1.dir/build.make:97: recipe for target 'cmTC_641d1' failed
make[1]: *** [cmTC_641d1] Error 1
make[1]: 디렉터리 '/home/taehyung/catkin_ws/src/wheelchair/ros_auto_wheelchair/wheelchair_msg/build/CMakeFiles/CMakeTmp' 나감
Makefile:126: recipe for target 'cmTC_641d1/fast' failed
make: *** [cmTC_641d1/fast] Error 2

File /home/taehyung/catkin_ws/src/wheelchair/ros_auto_wheelchair/wheelchair_msg/build/CMakeFiles/CMakeTmp/CheckSymbolExists.c:
/* */
#include <pthread.h>

int main(int argc, char** argv)
{
  (void)argv;
#ifndef pthread_create
  return ((int*)(&pthread_create))[argc];
#else
  (void)argc;
  return 0;
#endif
}

Determining if the function pthread_create exists in the pthreads failed with the following output:
Change Dir: /home/taehyung/catkin_ws/src/wheelchair/ros_auto_wheelchair/wheelchair_msg/build/CMakeFiles/CMakeTmp

Run Build Command:"/usr/bin/make" "cmTC_301a8/fast"
/usr/bin/make -f CMakeFiles/cmTC_301a8.dir/build.make CMakeFiles/cmTC_301a8.dir/build
make[1]: 디렉터리 '/home/taehyung/catkin_ws/src/wheelchair/ros_auto_wheelchair/wheelchair_msg/build/CMakeFiles/CMakeTmp' 들어감
Building C object CMakeFiles/cmTC_301a8.dir/CheckFunctionExists.c.o
/usr/bin/c89-gcc   -DCHECK_FUNCTION_EXISTS=pthread_create   -o CMakeFiles/cmTC_301a8.dir/CheckFunctionExists.c.o   -c /usr/share/cmake-3.10/Modules/CheckFunctionExists.c
Linking C executable cmTC_301a8
/usr/bin/cmake -E cmake_link_script CMakeFiles/cmTC_301a8.dir/link.txt --verbose=1
/usr/bin/c89-gcc  -DCHECK_FUNCTION_EXISTS=pthread_create    -rdynamic CMakeFiles/cmTC_301a8.dir/CheckFunctionExists.c.o  -o cmTC_301a8 -lpthreads 
/usr/bin/ld: cannot find -lpthreads
collect2: error: ld returned 1 exit status
CMakeFiles/cmTC_301a8.dir/build.make:97: recipe for target 'cmTC_301a8' failed
make[1]: *** [cmTC_301a8] Error 1
make[1]: 디렉터리 '/home/taehyung/catkin_ws/src/wheelchair/ros_auto_wheelchair/wheelchair_msg/build/CMakeFiles/CMakeTmp' 나감
Makefile:126: recipe for target 'cmTC_301a8/fast' failed
make: *** [cmTC_301a8/fast] Error 2


