Determining if the pthread_create exist failed with the following output:
Change Dir: /home/taehyung/catkin_ws/src/wheelchair/ros_auto_wheelchair/wheelchair_slam/build/CMakeFiles/CMakeTmp

Run Build Command:"/usr/bin/make" "cmTC_e6d20/fast"
/usr/bin/make -f CMakeFiles/cmTC_e6d20.dir/build.make CMakeFiles/cmTC_e6d20.dir/build
make[1]: 디렉터리 '/home/taehyung/catkin_ws/src/wheelchair/ros_auto_wheelchair/wheelchair_slam/build/CMakeFiles/CMakeTmp' 들어감
Building C object CMakeFiles/cmTC_e6d20.dir/CheckSymbolExists.c.o
/usr/bin/x86_64-linux-gnu-gcc-7    -o CMakeFiles/cmTC_e6d20.dir/CheckSymbolExists.c.o   -c /home/taehyung/catkin_ws/src/wheelchair/ros_auto_wheelchair/wheelchair_slam/build/CMakeFiles/CMakeTmp/CheckSymbolExists.c
Linking C executable cmTC_e6d20
/usr/bin/cmake -E cmake_link_script CMakeFiles/cmTC_e6d20.dir/link.txt --verbose=1
/usr/bin/x86_64-linux-gnu-gcc-7      -rdynamic CMakeFiles/cmTC_e6d20.dir/CheckSymbolExists.c.o  -o cmTC_e6d20 
CMakeFiles/cmTC_e6d20.dir/CheckSymbolExists.c.o: In function `main':
CheckSymbolExists.c:(.text+0x1b): undefined reference to `pthread_create'
collect2: error: ld returned 1 exit status
CMakeFiles/cmTC_e6d20.dir/build.make:97: recipe for target 'cmTC_e6d20' failed
make[1]: *** [cmTC_e6d20] Error 1
make[1]: 디렉터리 '/home/taehyung/catkin_ws/src/wheelchair/ros_auto_wheelchair/wheelchair_slam/build/CMakeFiles/CMakeTmp' 나감
Makefile:126: recipe for target 'cmTC_e6d20/fast' failed
make: *** [cmTC_e6d20/fast] Error 2

File /home/taehyung/catkin_ws/src/wheelchair/ros_auto_wheelchair/wheelchair_slam/build/CMakeFiles/CMakeTmp/CheckSymbolExists.c:
/* */
#include <pthread.h>

int main(int argc, char** argv)
{
  (void)argv;
#ifndef pthread_create
  return ((int*)(&pthread_create))[argc];
#else
  (void)argc;
  return 0;
#endif
}

Determining if the function pthread_create exists in the pthreads failed with the following output:
Change Dir: /home/taehyung/catkin_ws/src/wheelchair/ros_auto_wheelchair/wheelchair_slam/build/CMakeFiles/CMakeTmp

Run Build Command:"/usr/bin/make" "cmTC_810f3/fast"
/usr/bin/make -f CMakeFiles/cmTC_810f3.dir/build.make CMakeFiles/cmTC_810f3.dir/build
make[1]: 디렉터리 '/home/taehyung/catkin_ws/src/wheelchair/ros_auto_wheelchair/wheelchair_slam/build/CMakeFiles/CMakeTmp' 들어감
Building C object CMakeFiles/cmTC_810f3.dir/CheckFunctionExists.c.o
/usr/bin/x86_64-linux-gnu-gcc-7   -DCHECK_FUNCTION_EXISTS=pthread_create   -o CMakeFiles/cmTC_810f3.dir/CheckFunctionExists.c.o   -c /usr/share/cmake-3.10/Modules/CheckFunctionExists.c
Linking C executable cmTC_810f3
/usr/bin/cmake -E cmake_link_script CMakeFiles/cmTC_810f3.dir/link.txt --verbose=1
/usr/bin/x86_64-linux-gnu-gcc-7  -DCHECK_FUNCTION_EXISTS=pthread_create    -rdynamic CMakeFiles/cmTC_810f3.dir/CheckFunctionExists.c.o  -o cmTC_810f3 -lpthreads 
/usr/bin/ld: cannot find -lpthreads
collect2: error: ld returned 1 exit status
CMakeFiles/cmTC_810f3.dir/build.make:97: recipe for target 'cmTC_810f3' failed
make[1]: *** [cmTC_810f3] Error 1
make[1]: 디렉터리 '/home/taehyung/catkin_ws/src/wheelchair/ros_auto_wheelchair/wheelchair_slam/build/CMakeFiles/CMakeTmp' 나감
Makefile:126: recipe for target 'cmTC_810f3/fast' failed
make: *** [cmTC_810f3/fast] Error 2


